k="phone" v="+6626249999"
k="phone" v="+66 81 8613446"
k="phone" v="+66 38 428755"
k="phone" v="+66 38 423167"
k="phone" v="+66 38 414752"
k="phone" v="+66 38 410933;+66 38 410996;+66 38 410575"
k="phone" v="+66 38 425550"
k="phone" v="1145"
k="phone" v="+66 38 361500"
k="phone" v="+66 38 361276"
k="phone" v="+66 38 425418"
k="phone" v="+66 38 489112"
k="phone" v="+66 38 428247;+66 38 421177"
k="phone" v="+66 38 429623"
k="phone" v="1150"
k="phone" v="+66 38 710652"
k="phone" v="1112"
k="phone" v="1150"
k="phone" v="+66 33 003591"
k="phone" v="+66 38 425912;+66 38 425913"
k="phone" v="+66 38 710917;+66 38 710927;+66 38 710937;+66 38 429639"
k="phone" v="+66 38 429716"
k="phone" v="+66 38 416914"
k="phone" v="+66 38 429291"
k="phone" v="+66 38 424943;+66 38 410719"
k="phone" v="+66 38 429450;+66 38 422301"
k="phone" v="+662-872-6955"
k="phone" v="+66 38 415304"
k="phone" v="+66 38 427142"
k="phone" v="(66) 2624-9555"
k="phone" v="+66 38 713259"
k="phone" v="+66 38 420771"
k="phone" v="+66 38 429841"
k="phone" v="+66 38 052227"
k="phone" v="+66 38 410802;+66 38 410803;+66 38 410804"
k="phone" v="+66 38 488534;+66 38 488547;+66 82 3836665"
k="phone" v="+66 33 003555"
k="phone" v="+66 38 373533"
k="phone" v="+66 38 415847"
k="phone" v="+66 86 1431222;+66 38 720583"
k="phone" v="+66 38 723545"
k="phone" v="+66 33 671483"
k="phone" v="+66 38 426605;+66 38 420739;+66 38 425706"
k="phone" v="+66 38 410232;+66 38 410233"
k="phone" v="+66 38 720849;+66 38 720850;+66 38 720851"
k="phone" v="+66 87 5814522;+66 89 2452869"
k="phone" v="+66 38 371488"
k="phone" v="+66 38 410041;+66 87 4194679"
k="phone" v="+66 38 756523"
k="phone" v="+66 38 231111;+66 38 232898"
k="phone" v="+66 38 233466;+66 89 2131185"
k="phone" v="+66 38 231867"
k="phone" v="+66 89 9391449;+66 81 8656737"
k="phone" v="02-253-3384"
k="phone" v="+66 38 425930;+66 38 422998"
k="phone" v="+66 38 710905"
k="phone" v="+66 35-243-777"
k="phone" v="+66 2 5741588"
k="phone" v="+6622599884"
k="phone" v="+6626927000"
k="phone" v="+6622940261;+6622940262;+6626834202"
k="phone" v="+6627294131;+6627294132"
k="phone" v="1711"
k="phone" v="+66-32-433918"
k="phone" v="+66-32-471073"
k="phone" v="+66-32-471595"
k="phone" v="+66-32-471039"
k="phone" v="+66-32-471879"
k="phone" v="+66 38 488223;+66 86 1482266;"
k="phone" v="+66 2 2501961"
k="phone" v="+66-38-414855"
k="phone" v="+66 84 6057573"
k="phone" v="+66 98 3938145"
k="phone" v="+66-81-4097878;+66-81-8581550"
k="phone" v="+66 89 0941732;+66 84 5657356;"
k="phone" v="+66-035-511516, 544115"
k="phone" v="+66 32425707"
k="phone" v="+66895282428"
k="phone" v="+66 26288188"
k="phone" v="+66 38 415058;+66 84 1464388"
k="phone" v="1711"
k="phone" v="1711"
k="phone" v="+66 89 253 2105"
k="phone" v="+6638788226"
k="phone" v="+66 38 473633"
k="phone" v="+66-02-519-8647"
k="phone" v="+6626350111"
k="phone" v="+66 38 710716"
k="phone" v="+66 38 420323;+66 38 370559"
k="phone" v="+66 91 470048;+66 91 1606680"
k="phone" v="+66 95 6027566"
k="phone" v="+66 38 411455"
k="phone" v="+66 38 413922"
k="phone" v="+66 36 427 693"
k="phone" v="+66 38 723413"
k="phone" v="+66 38 720309"
k="phone" v="+66 38 720141"
k="phone" v="+66 44 216031"
k="phone" v="+66 89 9955988;+66 81 3141203"
k="phone" v="+66 38 422071"
k="phone" v="+66 94 4384438"
k="phone" v="+66 38 426203"
k="phone" v="+66 38 416888"
k="phone" v="+66 38 488940"
k="phone" v="+66 38 414035"
k="phone" v="+66 38 361315"
k="phone" v="+66 38 361473;+66 87 4864713;+66 80 0943517"
k="phone" v="+66 38 420016;+66 38 420017"
k="phone" v="+66 38 423167"
k="phone" v="+66 89 0077804"
k="phone" v="+66 38 043388"
k="phone" v="+66 38 411755"
k="phone" v="+66 38 425274;+66 38 723174"
k="phone" v="+66 38 710754"
k="phone" v="+66 38 723928"
k="phone" v="+66 38 720446"
k="phone" v="+66 38 489152"
k="phone" v="+66 38 720926"
k="phone" v="+66 38 720729"
k="phone" v="+66 38 416217;+66 86 9047786"
k="phone" v="+66 38 412090"
k="phone" v="+66 38 720919"
k="phone" v="+66 85 2760587"
k="phone" v="+66 38 424847"
k="phone" v="+66 38 429524"
k="phone" v="+66 38 720828"
k="phone" v="+66 38 414429;+66 38 414439"
k="phone" v="+66 38 720986"
k="phone" v="+66 38 411995"
k="phone" v="+66 38 374464;+66 89 8331821"
k="phone" v="+66 38 424687;+66 38 421850"
k="phone" v="+66 38 420902;+66 38 422117;"
k="phone" v="+66 38 720988"
k="phone" v="+66 38 420706"
k="phone" v="+66 38 420901;"
k="phone" v="+66 38 425793;+66 84 6666614;+66 93 6295619"
k="phone" v="+66 38 720999"
k="phone" v="+66 86 5754966;+66 38 720946"
k="phone" v="+66 38 414748"
k="phone" v="+66 38 410846"
k="phone" v="+66 84 1112889"
k="phone" v="+66 85 2796893;+66 89 9398740"
k="phone" v="+66 81 8233385"
k="phone" v="+66 38 723460"
k="phone" v="+66 38 425531;+66 89 0922692"
k="phone" v="+66-34-751042"
k="phone" v="+66-81-8058177"
k="phone" v="+66-81-8689853"
k="phone" v="+66867897833"
k="phone" v="+66 38 251365"
k="phone" v="+66 38 050128;+66 83 0030831"
k="phone" v="+66 38 364580;+66 80 8321383"
k="phone" v="+66-89-2324527"
k="phone" v="+66 38 361874"
k="phone" v="+66 87 7497005;+66 38 362297"
k="phone" v="+66 86 8236971"
k="phone" v="+66 62 4704412"
k="phone" v="+66 80 4857800;+66 88 1113406;+66 90 8181482"
k="phone" v="+66 38 361836"
k="phone" v="+66 38 361686"
k="phone" v="+66 38 361530"
k="phone" v="+66 38 489011"
k="phone" v="+66 38 427101"
k="phone" v="+66 38 757370"
k="phone" v="+66 82 2181518"
k="phone" v="+66 38 415009;+66 38 415034"
k="phone" v="+66 84 7654985"
k="phone" v="+66 38 360357"
k="phone" v="+66 83 0154771"
k="phone" v="+66 83 1163087;+66 86 5382918"
k="phone" v="+66 38 46105;+66 38 360151"
k="phone" v="+66 38 724180;+66 38 724182"
k="phone" v="+66 80 7873330;+66 80 7872220"
k="phone" v="+66 38 714009"
k="phone" v="+66 38 251474;+66 38 251475"
k="phone" v="+66 38 364314"
k="phone" v="+66 38 250416"
k="phone" v="+66 84 0264989;+66 90 7729993"
k="phone" v="+66 81 7624751"
k="phone" v="+66 81 0048898"
k="phone" v="+66 38 364474"
k="phone" v="+66 38 364477"
k="phone" v="+66 38 711300"
k="phone" v="1150"
k="phone" v="+66 38 720820;+66 38 720688;+66 85 2471222"
k="phone" v="+66 38 428867;+66 86 3180825"
k="phone" v="+66 38 428210;+66 38 427154;+66 86 1070322"
k="phone" v="+66 38 413990;+66 89 1354556"
k="phone" v="+66 38 267174"
k="phone" v="+66 38 303787"
k="phone" v="+66 38 414128"
k="phone" v="+66-81-3101406"
k="phone" v="+6626191001"
k="phone" v="+66 38 427314"
k="phone" v="+66 38 370939"
k="phone" v="+66 38 423179"
k="phone" v="+66 89 9231765"
k="phone" v="+66 81 5944744;+66 38 370196"
k="phone" v="+66 38 421844;+66 38 426176"
k="phone" v="+66 38 414932"
k="phone" v="+66 38 421561"
k="phone" v="+66 38 361627"
k="phone" v="1711"
k="phone" v="1150"
k="phone" v="1711"
k="phone" v="+66 38 428128"
k="phone" v="+66 38 421653"
k="phone" v="+66 92 3710956;+66 89 1827873"
k="phone" v="+66 94 2304957"
k="phone" v="+66 38 233672"
k="phone" v="+66 38 231033;+66 38 231036;+66 84 8640820"
k="phone" v="+66 38 233272 ;+66 87 0697002"
k="phone" v="+66 38 756072"
k="phone" v="+66 61 6316884"
k="phone" v="+66 38 757521;+66 38 757205"
k="phone" v="+66 38 231956"
k="phone" v="+66 38 757010;+66 38 757011;+66 38 757012;+66 38 757013"
k="phone" v="+66 81 2963360"
k="phone" v="+66 38 756889;+66 86 3066878"
k="phone" v="+66 89 5438140;+66 38 233375"
k="phone" v="+66 87 0079699"
k="phone" v="+66 38 232184"
k="phone" v="+66 38 231581"
k="phone" v="+66 81 3536675"
k="phone" v="+66 38 231557"
k="phone" v="+66 38 756587"
k="phone" v="+66 87 9531890"
k="phone" v="+66 81 4919223;+66 38 231472"
k="phone" v="+66 81 9451637;+66 86 3987099"
k="phone" v="+66 89 2523805;+66 89 0953226"
k="phone" v="+66 38 371378;+66 38 371379"
k="phone" v="+66 38 429239"
k="phone" v="1112"
k="phone" v="+66 82 5666916"
k="phone" v="+66 871287319"
k="phone" v="+66 89 88967;+66 38 720238;"
k="phone" v="+66 81 9530742"
k="phone" v="+66 89 2336569"
k="phone" v="+6626743068;+6626743065"
k="phone" v="+66 38 414445"
k="phone" v="+66 38 720311;+66 1 5570912"
k="phone" v="+66 83 8048296;+66 86 0136734"
k="phone" v="+66 38 720519"
k="phone" v="+66 89 0930111"
k="phone" v="+66 38 414732;+66 86 8304901"
k="phone" v="+6622864258"
k="phone" v="+6638463160"
k="phone" v="+66816291771;+66863821015"
k="phone" v="+66816291771;+66863821015"
k="phone" v="1112"
k="phone" v="+66 2 9397949"
k="phone" v="+66817801099"
k="phone" v="+66815896502"
k="phone" v="+66 38 414718"
k="phone" v="+6626130540"
k="phone" v="+66 38 909800"
k="phone" v="+6626745555"
k="phone" v="+66 38 804844"
k="phone" v="+66 38 614901"
k="phone" v="+66 88 8824600"
k="phone" v="+66 38 373268"
k="phone" v="+66890564978"
k="phone" v="+66 92 7901081"
k="phone" v="+66 82-299-8922"
k="phone" v="+66 38 301030"
k="phone" v="+66 38 301030"
k="phone" v="+66 38 252736"
k="phone" v="+66 38 426766"
k="phone" v="+66 86 4761699;+66 38 405201"
k="phone" v="+66 2 7125563"
k="phone" v="+66 81 9455049;+66 82 3238454;+66 89 0962088"
k="phone" v="+66 86 3977090;+66 94 8862125"
k="phone" v="+66 86 3682316;+66 80 6252128"
k="phone" v="+66 38 488181"
k="phone" v="+66 38 415770"
k="phone" v="+66 81 9948420"
k="phone" v="+66 84 6767376"
k="phone" v="+66 38 376579"
k="phone" v="+66 99 4455128"
k="phone" v="+66 38 413255;+66 84 8703846"
k="phone" v="+66 38 416285"
k="phone" v="+66 38 251874"
k="phone" v="+66 38 252275;+66 38 364461"
k="phone" v="+66 38 433379"
k="phone" v="+66 85 6978172;+66 90 1214073"
k="phone" v="+66 90 3979425"
k="phone" v="+66 86 3416404;+66 38 072070"
k="phone" v="+66 2 6222197"
k="phone" v="+66 84 3623145;+66 92 2651145"
k="phone" v="+66 89 0918203"
k="phone" v="+66 38 255000;+66 38 255937"
k="phone" v="+66 38 237311"
k="phone" v="+66 84 1293957;+66 86 7088651"
k="phone" v="+66 38 237880"
k="phone" v="+66 38 907853"
k="phone" v="+66 38 720915;+66 87 8150433"
k="phone" v="+66 90 6606692"
k="phone" v="+66 2 393 2122"
k="phone" v="+66 38 255211"
k="phone" v="+66 38 181911;+66 87 5349532;+66 88 2083384"
k="phone" v="+66 2 6626312"
k="phone" v="+6626521975"
k="phone" v="+6626521979"
k="phone" v="+6626521980"
k="phone" v="+6622526572"
k="phone" v="+6626522278"
k="phone" v="+66869914931"
k="phone" v="+66876786996"
k="phone" v="+6626521971"
k="phone" v="+6626521974"
k="phone" v="+6626521977"
k="phone" v="+6626504747;+6626504748"
k="phone" v="+6626841213"
k="phone" v="+6626504646"
k="phone" v="+6626520956;+66822249491"
k="phone" v="+6626522825;+6626522826"
k="phone" v="+6626522800"
k="phone" v="+6626522502"
k="phone" v="+6626841188"
k="phone" v="+6626130542"
k="phone" v="+6626130547"
k="phone" v="+66 83 8469203"
k="phone" v="+6621084001"
k="phone" v="+6626130595"
k="phone" v="+6626130563"
k="phone" v="+6626130518"
k="phone" v="+6626130515;+66819035412"
k="phone" v="+6626130516"
k="phone" v="+6626130597"
k="phone" v="+6626130575"
k="phone" v="+6626130513;+66814466400"
k="phone" v="+66 38 488979"
k="phone" v="1112"
k="phone" v="+66 38 757070"
k="phone" v="1112"
k="phone" v="+66895035206;+66818664055"
k="phone" v="+66 38 428678"
k="phone" v="+66 (0) 2718 2000-1"
k="phone" v="+6621088744"
k="phone" v="+6621084388;+66817193939;+66868817299"
k="phone" v="+6621084001"
k="phone" v="+6621084458"
k="phone" v="+6621084498;+66830159988"
k="phone" v="+66819156221"
k="phone" v="+6621084488"
k="phone" v="+6626190122"
k="phone" v="+6626190479"
k="phone" v="+6621084488"
k="phone" v="+6626130577"
k="phone" v="+6621084488"
k="phone" v="+6621084488"
k="phone" v="+6621084488"
k="phone" v="+6621084750"
k="phone" v="+6621084488"
k="phone" v="+66856621170"
k="phone" v="+6681984 2171"
k="phone" v="+66875935559;+66826882999"
k="phone" v="+6629070636;+6629070637"
k="phone" v="+6629070936"
k="phone" v="+6629070502;+6629070503"
k="phone" v="+6629070634"
k="phone" v="+66847278998;+6629070655"
k="phone" v="+6629070855;+66805559222"
k="phone" v="+66894441411"
k="phone" v="+66851253436;+66861003801"
k="phone" v="+6629070662;+66815644281"
k="phone" v="+66841090271;+6629071909"
k="phone" v="+66895285305"
k="phone" v="+6629070833"
k="phone" v="+6625531120"
k="phone" v="+66820023456;+66865004005"
k="phone" v="+6626609020"
k="phone" v="+6629072018;+66818166655"
k="phone" v="+66834252777"
k="phone" v="+6629070858"
k="phone" v="+6629072405"
k="phone" v="+6629070456"
k="phone" v="+66818555777"
k="phone" v="+66863445059"
k="phone" v="+6626208777"
k="phone" v="+6622617610"
k="phone" v="+6622617189"
k="phone" v="+6622617217"
k="phone" v="+6626208777"
k="phone" v="+6622617278"
k="phone" v="+6622617206"
k="phone" v="+6622617244"
k="phone" v="+6622617696"
k="phone" v="+6622617268"
k="phone" v="+6622617271"
k="phone" v="+66818590080"
k="phone" v="+66837884228"
k="phone" v="+6622617697"
k="phone" v="+6622617159"
k="phone" v="+6622564123"
k="phone" v="+6622617822"
k="phone" v="+6626580168"
k="phone" v="+6622617697"
k="phone" v="+6622617742"
k="phone" v="+66807543388"
k="phone" v="+66850993234"
k="phone" v="+66812067778"
k="phone" v="+6622617217"
k="phone" v="+6622617450"
k="phone" v="+66831100445"
k="phone" v="+6622617369"
k="phone" v="+6622617414"
k="phone" v="+6622617410"
k="phone" v="+66 38 361515"
k="phone" v="+66 38 421508"
k="phone" v="+66 2-2504970"
k="phone" v="+66 83 4449629;+66 38 489307;+66 38 489308"
k="phone" v="+66 38 426304;+66 38 421678;+66 38 429859"
k="phone" v="+66 38 225230"
k="phone" v="+6622601861"
k="phone" v="1112"
k="phone" v="+66 38 414447"
k="phone" v="+66 38 716386;+66 81 8628186"
k="phone" v="+66 86 7929629"
k="phone" v="+66 38 011638"
k="phone" v="+66038011638"
k="phone" v="+6626293376"
k="phone" v="+662 6110191"
k="phone" v="+66 2255 7755"
k="phone" v="+66 81 9537076"
k="phone" v="+6622586815"
k="phone" v="+66 812936326"
k="phone" v="1112"
k="phone" v="66262900956"
k="phone" v="+6622869424"
k="phone" v="+66-901133482"
k="phone" v="+66 38 710800;+66 38 710801;+66 38 710802"
k="phone" v="+6626537611"
k="phone" v="+6629445131-2"
k="phone" v="+66868874028"
k="phone" v="1112"
k="phone" v="+66 2 532 4926"
k="phone" v="+66 38 720999"
k="phone" v="+66 38 723364"
k="phone" v="+66 38 723667;+66 38 724205"
k="phone" v="+66 81 3576433;+66 38 427161;+66 38 427162;+66 38 427163"
k="phone" v="+66 38 429232;+66 38 416712"
k="phone" v="+66 84 0849540;+66 80 0143506"
k="phone" v="+66 2 2108000"
k="phone" v="+66 38 423568"
k="phone" v="+66 84 8711512;+66 81 9077218"
k="phone" v="+66 2 2616650"
k="phone" v="+66 2 6621000"
k="phone" v="+66 2 9302009;+66 2 9302291;+66 81 8270842"
k="phone" v="+66 38 729432"
k="phone" v="+66 0837765050"
k="phone" v="+66 81 5251047"
k="phone" v="+66 38 611307;+66 38 622771"
k="phone" v="+66 38 624888"
k="phone" v="0 2321 7000"
k="phone" v="0 2722 8484"
k="phone" v="0 2544 1000"
k="phone" v="0 2544 4526"
k="phone" v="+66 38 425849"
k="phone" v="+66 38 727470;+66 38 727476"
k="phone" v="+66 90 0085011"
k="phone" v="+66 86 1471618"
k="phone" v="091 104 3445"
k="phone" v="+66 86 2281515"
k="phone" v="(+66) 02-215-3800/(+66)02-215-3801Mobile: (+66) 092-787-8888"
k="phone" v="+6626306401"
k="phone" v="+6638748821"
k="phone" v="+6638387503"
k="phone" v="+6626569490"
k="phone" v="+66 84 4175258"
k="phone" v="+66 871 348483;+66 859 329881;+66 38 421730"
k="phone" v="+66 32 709100"
k="phone" v="+66 32 709222"
k="phone" v="+6626776249"
k="phone" v="+662 4256100"
k="phone" v="+66 2 1186038"
k="phone" v="+66 38 416482"
k="phone" v="+66 38 411041,+66 81 8418682"
k="phone" v="+66 84 0919593;+66 33 672567"
k="phone" v="+662 499 3993"
k="phone" v="+6638807567"
k="phone" v="+66 38 233837"
k="phone" v="+66 83 2608111;+66 85 6754826;+66 87 6578376"
k="phone" v="+66 38 756992"
k="phone" v="+66 38 233161;+66 84 5118565"
k="phone" v="+66 800 916669;+66 84 4545626;+66 38 300697;+66 38 233086"
k="phone" v="+66 91 1412500"
k="phone" v="+66 82 7906200"
k="phone" v="+66 38 416346;+66 81 246 1717"
k="phone" v="+66 38 415112;+66 38 415359"
k="phone" v="+66 85 2083376;+66 84 3350664"
k="phone" v="+66 38 614340"
k="phone" v="+66 38 618701;+66 38 623101"
k="phone" v="+66 38 624333"
k="phone" v="+66 38 370861;+66 82 3043907;+66 87 3290300"
k="phone" v="+66 38 371046;+66 38 371047;+66 87 6119442;+66 85 96568491"
k="phone" v="+66 38 371460;+66 38 371461"
k="phone" v="+66 38 367071"
k="phone" v="+66 38 411110;+66 87 3620999"
k="phone" v="+66 38 410501;+66 38 410502"
k="phone" v="+66 38 416855;+66 81 7337035"
k="phone" v="+66 84 8450464"
k="phone" v="+66 38 411746;+66 38 720987;+66 1 4890695"
k="phone" v="+66 38 429241"
k="phone" v="+66 84 7706774"
k="phone" v="+66 87 0377731"
k="phone" v="+66 81 2740794"
k="phone" v="+66 38 720973"
k="phone" v="+66 89 0958631"
k="phone" v="+66 38 411192"
k="phone" v="+66 81 9530742"
k="phone" v="+66 38 489255;+66 84 4640432"
k="phone" v="+66 38 489494"
k="phone" v="+66 38 720446"
k="phone" v="+66 89 7991123"
k="phone" v="+66 86 8243885;+66 85 9407511"
k="phone" v="+66 38 489394;+66 38 489395;+66 81 8608586"
k="phone" v="+66 38 721121"
k="phone" v="+66 38 413549;+66 86 1508758"
k="phone" v="+66 95 7825779"
k="phone" v="+66 85 2500817"
k="phone" v="086-085-9994 , 084-944-8444"
k="phone" v="025214328"
k="phone" v="+66 38 723660"
k="phone" v="+66 84 8653242;+66 38 413764"
k="phone" v="1612"
k="phone" v="+66-2-260-3914"
k="phone" v="+66 81 1608862"
k="phone" v="+66 38 427316"
k="phone" v="+66 38 713132;+66 81 7339056;"
k="phone" v="+66 38 411679"
k="phone" v="+66 89 9338896;+66 86 3358009"
k="phone" v="+66 38 720865"
k="phone" v="+66 38 043375"
k="phone" v="+66 81 9458225"
k="phone" v="+66 38 488387;+66 38 488656;"
k="phone" v="+66 38 488387;+66 38 488656;"
k="phone" v="+66 90 8792805"
k="phone" v="+66 82 9408821;+66 83 2283284"
k="phone" v="+66 38 720450"
k="phone" v="+66 38 721001"
k="phone" v="+66 86 0042459"
k="phone" v="+66 38 413235"
k="phone" v="+66 38 723851"
k="phone" v="+66 98 334705"
k="phone" v="+66 38 423519"
k="phone" v="+66 38 427925;+66 38 427926;"
k="phone" v="+66 38 422116"
k="phone" v="+66 38 411507"
k="phone" v="+66 38 410256;+66 87 4406060"
k="phone" v="038-192-264"
k="phone" v="0-3838-5337"
k="phone" v="038 113 377"
k="phone" v="+66 89 8832195"
k="phone" v="+66 38 426694"
k="phone" v="+66 38 411522;+66 86 1592982;+66 87 7988879;"
k="phone" v="+66 38 720257"
k="phone" v="+66 82 4695566"
k="phone" v="+66 95 5302566"
k="phone" v="+66 38 488969;+66 38 488970;"
k="phone" v="+66 38 720924"
k="phone" v="+66 38 413280;+66 81 6116990;"
k="phone" v="+66 38 427886;+66 89 1808474;"
k="phone" v="+66 38 421929;+66 38 720052"
k="phone" v="+66 38 720266;+66 80 0773851;+66 90 7263561;+66 85 3546145"
k="phone" v="038795932"
k="phone" v="095 695 0332"
k="phone" v="038-270880"
k="phone" v="+66 84 0791486"
k="phone" v="+66 38 410331;+66 83 1109110;+66 87 5859261"
k="phone" v="+66 38 710097;+66 38 427832"
k="phone" v="+66 387 11228"
k="phone" v="+66 38 416088;+66 80 6371469"
k="phone" v="+66 38 415709"
k="phone" v="+66 38 421648"
k="phone" v="+66 38 710988"
k="phone" v="08932-08932"
k="phone" v="08-007-007-64"
k="phone" v="+66 38 731912;+66 38 731913"
k="phone" v="+66-81-174-5637"
k="phone" v="+66 903099957"
k="phone" v="+66 38 253000"
k="phone" v="+66 38 720141"
k="phone" v="+66 38 424613;+66 2 2637299"
k="phone" v="1711"
k="phone" v="+66 83 1121213"
k="phone" v="+66 86 3242389"
k="phone" v="+66 38 252726;+66 87 8130115"
k="phone" v="+66 89 5433355;+66 81 9019762"
k="phone" v="+66 89 9883190"
k="phone" v="+66 38 720375"
k="phone" v="+66 38 426989;+66 86 1449222;+66 85 2289062;"
k="phone" v="+66 83 8323237"
k="phone" v="1711"
k="phone" v="+66 38 428674;+66 38 429744"
k="phone" v="+66 38 250234"
k="phone" v="+(66 85)429-2222"
k="phone" v="+66 38 429385"
k="phone" v="+66 84 3294224;+66 81 9135091;+66 81 9034863"
k="phone" v="+66 38 420003;+66 81 9492951"
k="phone" v="+66 38 410272"
k="phone" v="+66 38 720262;+66 38 720235;"
k="phone" v="+66 38 429695"
k="phone" v="+66 94 7874554"
k="phone" v="+66 38 424422"
k="phone" v="+66 38 429234"
k="phone" v="+66 38 069050;+66 38 069051"
k="phone" v="+66 2 679 0816"
k="phone" v="+66 38 362331;+66 38 362332"
k="phone" v="+66 38 413793;"
k="phone" v="+66 26 568066;+66 86 7334576"
k="phone" v="+66 89 7001245;+66 80 6302056;+66 38 420899"
k="phone" v="+66 2 3218875;+66 2 3224160;+66 38 614855"
k="phone" v="1112"
k="phone" v="+66 2 162 0620"
k="phone" v="+66 26121442"
k="phone" v="+66 2 215 2929"
k="phone" v="+66 38 231134"
k="phone" v="+66 83 059598;+66 38 711145"
k="phone" v="+66 87 9428027"
k="phone" v="+66 02 653 5555"
k="phone" v="+66 87 097 5481"
k="phone" v="+66 02 251 3173"
k="phone" v="+66 02 375 9006"
k="phone" v="+66 34 33 2607"
k="phone" v="+66 38 232625"
k="phone" v="+66(0) 2642 5911-4"
k="phone" v="+66 (0) 2 287 0041-9"
k="phone" v="+66 87 1427642"
k="phone" v="+66 38 074653;+66 38 074654"
k="phone" v="+6622099112"
k="phone" v="+66 88507 7074"
k="phone" v="+66 2 9145000"
k="phone" v="006622142082"
k="phone" v="+66 2 6612300"
k="phone" v="+66 84 727 2246"
k="phone" v="+66 2 252 6413"
k="phone" v="+66 38 233414"
k="phone" v="025245286"
k="phone" v="+66 86 5754966;+66 38 720946"
k="phone" v="+66 38 361315"
k="phone" v="+66 38 361686"
k="phone" v="+66 81 1593150"
k="phone" v="+66 81 1593150"
k="phone" v="+66 38 720290"
k="phone" v="+66 38 425001;+66 87 1440145"
k="phone" v="+66 61 4923810"
k="phone" v="+66 38 425001;+66 87 1440145"
k="phone" v="+66 89 5440975"
k="phone" v="+66 (0) 2 300 13178"
k="phone" v="+66 38 410091"
k="phone" v="+66 38 410091"
k="phone" v="+66 922 5454 58"
k="phone" v="+66 86 7788589;+66 89 7099801"
k="phone" v="+66818642095"
k="phone" v="+66802781057"
k="phone" v="+66 38 721076"
k="phone" v="+66 38 721076"
k="phone" v="+66 92 3372575;+66 85 2089312"
k="phone" v="+66 38 723851"
k="phone" v="+66 98 8954552;+66 92 3297187"
k="phone" v="+66 38 711138"
k="phone" v="+6638416963"
k="phone" v="+66 38 421334"
k="phone" v="+66 38 411576;+66 38 411078"
k="phone" v="+66 2 224 1047"
k="phone" v="+66 80 9851358"
k="phone" v="+6626249555"
k="phone" v="+6626249555"
k="phone" v="+66 90 1204204"
k="phone" v="+66 83 4005201;+66 38 370288"
k="phone" v="+66925025230"
k="phone" v="+66 38 416012"
k="phone" v="+66 38 425874"
k="phone" v="+66 85 0935491;+66 87 1901798"
k="phone" v="+66 93 6426916"
k="phone" v="+66 2 628 6218"
k="phone" v="+6624708461-3"
k="phone" v="+66 38 420528"
k="phone" v="+66 38 413549;+66 86 1508758"
k="phone" v="+66 81 4889459"
k="phone" v="+66 81 4889459"
k="phone" v="+66 92 9064709"
k="phone" v="+66 98 8303712"
k="phone" v="+66 98 8303712"
k="phone" v="+66 90 3269328"
k="phone" v="+66 38 428488;+66 89 7728488"
k="phone" v="+66890050012"
k="phone" v="1150"
k="phone" v="+66 38 303530"
k="phone" v="+6638251851"
k="phone" v="1112"
k="phone" v="+66 81 6838867;+66 87 4116661"
k="phone" v="+66 38 723676"
k="phone" v="+66 38 362186"
k="phone" v="+66 83 0778127"
k="phone" v="+66 83 8695999"
k="phone" v="+66 38 720889"
k="phone" v="+66 86 3773307"
k="phone" v="+66 86 3773307"
k="phone" v="+66 98 9681472"
k="phone" v="+66 84 3525528"
k="phone" v="+66 80 8208726"
k="phone" v="+66 38 720937"
k="phone" v="+66 38 425093;+66 38 427306"
k="phone" v="+66 38 411873"
k="phone" v="+66 38 724332;+66 87 7843465"
k="phone" v="+66 38 723382"
k="phone" v="+66 89 2093318;+66 92 4575172"
k="phone" v="+66 38 724339;+66 84 7824582"
k="phone" v="+66 89 6916140"
k="phone" v="+66 38 723760;+66 84 0942374"
k="phone" v="+66 87 6109485"
k="phone" v="+66 81 2539358"
k="phone" v="+66 84 6360214"
k="phone" v="+66 38 416708;+66 38 723829"
k="phone" v="+66 38 720321;+66 86 0295428"
k="phone" v="+66 88 975 6199"
k="phone" v="+66 90 8566260"
k="phone" v="+66 38 488828"
k="phone" v="+66 38 373202"
k="phone" v="+66 84 0919593"
k="phone" v="+66 38 413657"
k="phone" v="+66 89 8331165;+66 85 4267220"
k="phone" v="+66 81 7822179;+66 81 7614367"
k="phone" v="+66 38 723745"
k="phone" v="+66 38 416559"
k="phone" v="+66 81 7624901;+66 81 7320085"
k="phone" v="+66 38 713868;+66 81 8214627;+66 85 1221614"
k="phone" v="+66 86 3748860;+66 81 8620083"
k="phone" v="+66 38 110606;+66 87 5036704"
k="phone" v="+66 86 3665449;+66 86 0935885;+66 83 7172755"
k="phone" v="+66 38 414132"
k="phone" v="+66 86 8987384"
k="phone" v="+66 38 415465"
k="phone" v="+66 33 670998;+66 87 3409959;+66 97 0129645"
k="phone" v="+66 81 2904883;+66 87 7460205"
k="phone" v="+66 81 7028981;+66 38 424250"
k="phone" v="+66 38 720710"
k="phone" v="+66 86 1025400"
k="phone" v="+66 81 8660173;+66 89 8048074"
k="phone" v="+66 89 9332760;+66 83 5893945"
k="phone" v="+66 38 416270"
k="phone" v="+66 88 1937890"
k="phone" v="+66 38 720710;+66 81 9105368;+66 81 9831652;+66 81 9966545"
k="phone" v="+66 84 4802990"
k="phone" v="+66 38 373759"
k="phone" v="+66 87 1096636"
k="phone" v="+66 92 6955858;+66 81 3446222"
k="phone" v="+66 81 3998122;+66 83 1991002;+66 38 374242"
k="phone" v="+66 81 9273716;+66 81 1609615"
k="phone" v="+66 89 9334740"
k="phone" v="+66 85 5088222;+66 80 0488449"
k="phone" v="+66 81 5887482"
k="phone" v="+66 62 4390906"
k="phone" v="+66 38 720228"
k="phone" v="+66 38 720607;+66 81 9828006"
k="phone" v="+66 86 1075174;+66 87 1502085;+66 38 720316"
k="phone" v="+66 38 411192"
k="phone" v="+66 38 424394"
k="phone" v="+66 90 9129124;+66 92 3597604"
k="phone" v="+66 86 5754966"
k="phone" v="+66 62 5674090"
k="phone" v="+66 38 421833"
k="phone" v="+66 38 424013"
k="phone" v="+66 90 8942739;+66 92 3262202"
k="phone" v="+66 81 8783455"
k="phone" v="+66 38 422010"
k="phone" v="+66 81 7234993"
k="phone" v="+66 87 8552934"
k="phone" v="+66 38 360222"
k="phone" v="+66 38 423240"
k="phone" v="+66 2 105 4005"
k="phone" v="+66 38 410151;+66 38 373212"
k="phone" v="+66 89 2527734"
k="phone" v="+66 86 3936384;+66 86 3397268"
k="phone" v="+66 38 426001;+66 38 426234;+66 38 426444;+66 38 423444"
k="phone" v="+66 38 489145"
k="phone" v="+66 38 720612;+66 38 720832"
k="phone" v="+66 38 420768;+66 89 0964923"
k="phone" v="+66 38 373678;+66 82 4449550"
k="phone" v="+66 86 3764936"
k="phone" v="+66 83 8498409"
k="phone" v="+66 88 4388469"
k="phone" v="+66 91 5915905"
k="phone" v="+66 81 8217388"
k="phone" v="+66 98 9420950"
k="phone" v="+66 85 2399937;+66 82 8634442;+66 81 1538819"
k="phone" v="+66 80 0270076"
k="phone" v="+66 38 186295;+66 85 6633321"
k="phone" v="+66 38 377262"
k="phone" v="+66 87 6054326;+66 81 6368189"
k="phone" v="+66 85 3966911"
k="phone" v="+66 89 8049670"
k="phone" v="+66 92 8149144"
k="phone" v="+66 38 068948;+66 90 009334"
k="phone" v="+66 38 186228;+66 92 2288797"
k="phone" v="+66 2 4681473"
k="phone" v="+66 2 3890084-6"
k="phone" v="+66 92 2752404"
k="phone" v="+66 81 7818551;+66 89 2281717"
k="phone" v="+66 87 0486747;+66 85 2829774"
k="phone" v="+66 87 0486747;+66 85 2829774"
k="phone" v="+66 89 0983136;+66 85 0961955"
k="phone" v="+66 38 051677;+66 91 8094138"
k="phone" v="+66 83 5593223"
k="phone" v="+66 87 1341647"
k="phone" v="+66 83 9895687;+66 83 9895690"
k="phone" v="+66 89 8862010"
k="phone" v="+66 38 411671"
k="phone" v="+66 38 333039"
k="phone" v="+66 38 332023;+66 81 3994914"
k="phone" v="+66 89 9365608;+66 87 5074087"
k="phone" v="+66 91 4890068;+66 83 0242696;+66 82 2131135"
k="phone" v="+66 91 2456418;+66 89 4066941"
k="phone" v="+66 84 4628167"
k="phone" v="+66 82 6330501;+66 86 1570761"
k="phone" v="+66 81 8328038"
k="phone" v="+66 83 0691388"
k="phone" v="+66 83 8026274"
k="phone" v="+66 89 3322115;+66 92 7678811"
k="phone" v="+66 38 231956"
k="phone" v="+66 93 1095274"
k="phone" v="+66 92 2901041"
k="phone" v="+66 38 429683"
k="phone" v="+66 38 720194;+66 89 9287080"
k="phone" v="+66 38 424637;+66 38 424616"
k="phone" v="+66 38 422970"
k="phone" v="+66 86 1461946"
k="phone" v="1150"
k="phone" v="+66 38 412040;+66 38 412043"
k="phone" v="+6627117744"
k="phone" v="+66802070727"
k="phone" v="+66 38 416459"
k="phone" v="+66 38 424059"
k="phone" v="+66 38 412664;+66 38 412665"
k="phone" v="+66 81 5606660"
k="phone" v="+66 84 0076953"
k="phone" v="+66 38 414706"
k="phone" v="+66 81 8418410"
k="phone" v="+66 33 673321"
k="phone" v="+66 82 4714730"
k="phone" v="+66 38 420464;+66 85 1631881"
k="phone" v="+66 89 2444008"
k="phone" v="+66 38 416889"
k="phone" v="+66 81 7827035"
k="phone" v="+66 81 7827035"
k="phone" v="+6626620812"
k="phone" v="+6622589433"
k="phone" v="+66 38 420537;+66 80 0947414"
k="phone" v="+66 81 7614713"
k="phone" v="+66 38 412235"
k="phone" v="+66 38 423616;+66 82 5422131"
k="phone" v="+66 89 0042373;+66 84 6685778"
k="phone" v="+66 89 4444365"
k="phone" v="+66 38 720505;+66 80 5666577"
k="phone" v="+66 80 1007507;+66 84 9025923;+66 38 412507"
k="phone" v="+66 86 0712961"
k="phone" v="+66 38 423199;+ 66 99 4199148"
k="phone" v="+66 87 70210969;+66 38 422249"
k="phone" v="+66 38 429444;+66 38 427822"
k="phone" v="+66 38 425454"
k="phone" v="+66 84 3524847"
k="phone" v="+66 38 425512"
k="phone" v="+66 81 5360770;+66 38 413620"
k="phone" v="+66 38 425512"
k="phone" v="+66 87 5825543"
k="phone" v="+66 38 411891;+66 88 9144131"
k="phone" v="+66 84 1248052"
k="phone" v="+66 81 4116783"
k="phone" v="+66 98 3695060"
k="phone" v="+66 80 7210729"
k="phone" v="+66 38 051693;+66 81 7611592"
k="phone" v="+66 83 1008957"
k="phone" v="+66 81 8320781"
k="phone" v="+66 87 5654411;+66 87 6166387"
k="phone" v="+6638422639"
k="phone" v="+66 38 421562;+66 38 415495"
k="phone" v="+66 38 410385;"
k="phone" v="+66 38 410385;+66 81 3775756"
k="phone" v="+66 85 2751738;+66 85 7464120"
k="phone" v="+66 81 6549819;+66 87 1310349"
k="phone" v="+66 81 9839749"
k="phone" v="+66 38 426176"
k="phone" v="+66 81 7626366"
k="phone" v="+66 38 425668"
k="phone" v="+66 81 5577806;+66 84 5031557"
k="phone" v="+66 82 0825286"
k="phone" v="+66 98 4395254"
k="phone" v="+66 81 6526491;+66 86 3881911"
k="phone" v="+66 81 7825230"
k="phone" v="+66 81 9823743"
k="phone" v="+66 38 412529;+66 81 9968185"
k="phone" v="+66 99 2525229;+66 85 5044754;+66 92 5818778"
k="phone" v="+66 87 6900359"
k="phone" v="+66 38 414303;+66 83 1155255"
k="phone" v="+66 38 426371"
k="phone" v="+66 85 2201405"
k="phone" v="+66 38 488876;+66 84 9458762"
k="phone" v="+66 88 1983270"
k="phone" v="+66 85 4429766"
k="phone" v="+66 81 7345997;+66 88 1925297"
k="phone" v="+66 38 426800;+66 84 0097009"
k="phone" v="+66 84 8630097;+66 84 6484991"
k="phone" v="+66 61 4318656"
k="phone" v="+66 82 4695566;+66 82 4695577"
k="phone" v="+66 85 1551888;+66 80 7782888"
k="phone" v="+66 81 6523823"
k="phone" v="+66 38 488876;+66 38 716533"
k="phone" v="+66 89 7523594"
k="phone" v="+66 38 411908"
k="phone" v="+66 81 1719292;+66 81 6879292"
k="phone" v="+66 38 428009"
k="phone" v="+66 83 5459333"
k="phone" v="+66 80 4806886;+66 38 420410"
k="phone" v="+66 86 1500421"
k="phone" v="+66 89 0922991;+66 89 9972269"
k="phone" v="+66 87 1296077;+66 89 0937502"
k="phone" v="+66 38 373272"
k="phone" v="+66 38 412963"
k="phone" v="+66 2 6438223"
k="phone" v="+66 38 361124"
k="phone" v="+66 38 361515"
k="phone" v="+66 85 4357710"
k="phone" v="+66 38 427676;+66 38 420839"
k="phone" v="+66 1 7827946;+66 1 5564564"
k="phone" v="+66 89 9348710;+66 38 412498"
k="phone" v="+66 38 713452"
k="phone" v="+66 38 423274"
k="phone" v="+66 38 373735"
k="phone" v="+66 89 7500544"
k="phone" v="+66 38 429618;+66 81 1355365"
k="phone" v="+66 84 1405044"
k="phone" v="+66 38 059566"
k="phone" v="+66 88 2156866"
k="phone" v="+66 38 720300;+66 81 6872410"
k="phone" v="+66 38 488885"
k="phone" v="+66 38 421444"
k="phone" v="+66 38 601025"
k="phone" v="+66 94 0800029"
k="phone" v="+66 38 716730;+66 38 716573"
k="phone" v="+66 94 3470340"
k="phone" v="+66 38 424050;+66 38 412510"
k="phone" v="+66 86 6996628"
k="phone" v="+66 84 6941249"
k="phone" v="+66 84 6941249"
k="phone" v="+66 38 425453;+66 38 427607"
k="phone" v="+66 83 0763020;+66 87 0863023"
k="phone" v="+66 38 423805"
k="phone" v="+66 95 5627362"
k="phone" v="+66 86 8440904"
k="phone" v="+66 38 231634;+66 81 7234993"
k="phone" v="+66 38 413488;+66 81 8631299"
k="phone" v="+66 80 6409007;+66 81 5913162"
k="phone" v="+66 61 6546995"
k="phone" v="+66800037733"
k="phone" v="+66 897778846"
k="phone" v="+66 86 5082880"
k="phone" v="+66 38 251329"
k="phone" v="+66 90 0177549;+66 86 8964331"
k="phone" v="+66 91 2371832;+66 80 6394897"
k="phone" v="+66 83 8505330"
k="phone" v="+66 81 3842714"
k="phone" v="+66 38 413843;+66 89 8315295"
k="phone" v="+66 38 411873;+66 88 5014991"
k="phone" v="+66 92 3216718"
k="phone" v="+66 86 5665017;+66 86 6885424"
k="phone" v="66-2381-4740"
k="phone" v="+66 38 713550"
k="phone" v="+66 38 300683"
k="phone" v="+66 87 0562553;+66 81 4371667"
k="phone" v="+66 38 301205"
k="phone" v="+66 38 713042;+66 89 8319809"
k="phone" v="+66 81 7611039"
k="phone" v="+66 84 0030749;+66 84 9726222"
k="phone" v="+66 89 8850873"
k="phone" v="+66 98 8197460"
k="phone" v="+66 91 2460527"
k="phone" v="+66 86 4007676;+66 89 7494270"
k="phone" v="+66 38 364524"
k="phone" v="+66 85 2874904;+66 84 9463064"
k="phone" v="+66 86 6629772"
k="phone" v="+66 86 3194334;+66 86 3193443"
k="phone" v="+66 88 1830199"
k="phone" v="+66 38 414431;+66 38 414432;+66 38 421443;+66 88 2191150"
k="phone" v="+66 38 420867;+66 86 8221374"
k="phone" v="+66 38 424642;+66 38 428346"
k="phone" v="006627428066"
k="phone" v="+66 82 3981777;+66 33 670780"
k="phone" v="+66 96 3877127"
k="phone" v="1612"
k="phone" v="+66 38 489047"
k="phone" v="+66 3435 1400"
k="phone" v="+66 38 423777;+66 86 8268777"
k="phone" v="+66 38 428522"
k="phone" v="+66 81 8623881"
k="phone" v="+66 38 720915;+66 87 8150433"
k="phone" v="+66 38 186228;+66 92 2288797"
k="phone" v="+66 92 7634319"
k="phone" v="+66 99 3410813"
k="phone" v="+66 90 2426624"
k="phone" v="1112"
k="phone" v="+6623988488"
k="phone" v="+66 38 723900"
k="phone" v="+66-83-029-7598"
k="phone" v="02-6521718"
k="phone" v="+66 (0) 2-652-1112"
k="phone" v="02-658-7444"
k="phone" v="02 255 7125-7"
k="phone" v="1112"
k="phone" v="+66 2 714 1141"
k="phone" v="+66 84 3328180"
k="phone" v="1112"
k="phone" v="+66 80 4806886;+66 38 420410"
k="phone" v="+66 2 7970000"
k="phone" v="+66 2 639 1400"
k="phone" v="+66021179322"
k="phone" v="+66 95 9505955"
k="phone" v="+66 38 423000"
k="phone" v="1145"
k="phone" v="1150"
k="phone" v="1112"
k="phone" v="1112"
k="phone" v="1112"
k="phone" v="+66 38 364600;+66 38 119586;+66 81 8615612"
k="phone" v="+66 38 251560"
k="phone" v="+66 38 424303"
k="phone" v="1150"
k="phone" v="1112"
k="phone" v="+66 87 9969475"
k="phone" v="1150"
k="phone" v="+66 38 426809;+66 89 4444405"
k="phone" v="+66 89 0988723;+66 92 4651491;+66 33 674371"
k="phone" v="+66 85 7200405;+66 86 0126989"
k="phone" v="+66 89 5429596"
k="phone" v="1112"
k="phone" v="+66 98 4908994"
k="phone" v="+66 38 051677;+66 91 8094138"
k="phone" v="+66 85 3884411;+66 83 7890011"
k="phone" v="+66 38 72358"
k="phone" v="+66 38 720413"
k="phone" v="+66 86 3388414;+66 87 0069789"
k="phone" v="+66 38 361552"
k="phone" v="+66 38 710717;+66 89 8320823"
k="phone" v="+66 38 416125"
k="phone" v="+66 80 1002217;+66 80 1002218"
k="phone" v="+66 89 6753111"
k="phone" v="+66 830 776928"
k="phone" v="+66 38 252275;+66 38 364461"
k="phone" v="+66 38 252275;+66 38 364461"
k="phone" v="+66 84 6367032"
k="phone" v="+66 38 231694;+66 81 8087213"
k="phone" v="+66 38 303906;+66 86 6267001;+66 81 9495191"
k="phone" v="+66 38 370750;+66 38 370338"
k="phone" v="+66 38 3712;+66 84 3882832"
k="phone" v="+66 38 370070;+66 81 7813387"
k="phone" v="+66 86 8306777;+66 83 7008007"
k="phone" v="+66 87 0094171"
k="phone" v="+66 38 757079;+66 38 757230"
k="phone" v="+66 38 420652;+66 38 422402"
k="phone" v="+66 38 374064"
k="phone" v="+66 38 373321;+66 38 413357"
k="phone" v="+66 38 426423;+66 91 7377644"
k="phone" v="+66 38 422288"
k="phone" v="+66 86 7951181;+66 86 0061618"
k="phone" v="+66 38 489225;+66 88 5850756"
k="phone" v="+66 80 6338565;+66 89 6005672"
k="phone" v="+66 1 8905876"
k="phone" v="+66 98 9672774"
k="phone" v="+66 86 7951181;+66 86 0061618"
k="phone" v="+66 38 422131"
k="phone" v="+66 2 6626661"
k="phone" v="+66 830 776928"
k="phone" v="+66 89 9395673"
k="phone" v="+66 38 303333;+66 86 1435547"
k="phone" v="+66 87 6098770"
k="phone" v="+6683 914 0165"
k="phone" v="+66 38 251447;+66 38 364934"
k="phone" v="+66 87 9000178"
k="phone" v="+66 38 251888"
k="phone" v="+66 33 035619"
k="phone" v="+66 38 303033"
k="phone" v="+66 84 5966262;+66 38 225888"
k="phone" v="+66 38 250830;+66 87 1576201"
k="phone" v="+66 80 041 8560"
k="phone" v="+66 38 711394;+66 81 7238607"
k="phone" v="+66 92 8616400;+66 85 4658590"
k="phone" v="+66 38 489081;+66 83 9880001"
k="phone" v="+66 85 9656709"
k="phone" v="+66 38 723151"
k="phone" v="+66 85 3271333"
k="phone" v="+66 83 9880001;+66 83 9880002"
k="phone" v="+66 38 422397"
k="phone" v="+66 38 710701;+66 84 9455151"
k="phone" v="+66 81 4525151"
k="phone" v="+66 38 232311"
k="phone" v="+66 38 059563"
k="phone" v="+66 38 231839"
k="phone" v="+66 84 9049456"
k="phone" v="+66 38 232133;+66 84 3622394"
k="phone" v="+66 86 6672270;+66 38 059613"
k="phone" v="+66 87 8351317;+66 81 0012246"
k="phone" v="+66 38 231518;+66 87 1409898"
k="phone" v="+66 38 756587"
k="phone" v="+66 38 232675;+66 84 3622394"
k="phone" v="+66 38 236201"
k="phone" v="+66 38 231025"
k="phone" v="+66 38 231876;+66 89 2478735"
k="phone" v="+66 38 706364;+66 86 3940790;+66 89 9907050"
k="phone" v="+66 38 232055;+66 38 232056"
k="phone" v="+66 92 9249472"
k="phone" v="+66 81 7336286"
k="phone" v="+66 85 5121763;+66 85 2727642"
k="phone" v="+66 87 1354158;+66 84 8636801"
k="phone" v="+66 80 6992597;+66 82 4243173"
k="phone" v="+66 92 2597000;+66 38 231799;+66 33 671953;+66 89 7709750"
k="phone" v="+66 38 231044"
k="phone" v="+66 91 5708468"
k="phone" v="+66 81 6016110;+66 38 231325"
k="phone" v="+66 99 4171244;+66 94 2858854"
k="phone" v="+66 87 9402309;+66 38 231098"
k="phone" v="+66 88 8437147;+66 86 8404544;+66 81 9968037"
k="phone" v="+66 80 6449818"
k="phone" v="+66 38 233045"
k="phone" v="+66 85 7269901"
k="phone" v="+66 38 074674;+66 83 8395862"
k="phone" v="1112"
k="phone" v="+66 95 7894582"
k="phone" v="+66 38 059557"
k="phone" v="+66 38 756521"
k="phone" v="+66 38 059503"
k="phone" v="+66 38 303118"
k="phone" v="+66 38 232115"
k="phone" v="+66 81 7546832"
k="phone" v="+66 38 303026"
k="phone" v="+66 38 251562;+66 94 9097672"
k="phone" v="+66 38 233905;+66 89 0997424"
k="phone" v="+66 38 232446;+66 84 3492563"
k="phone" v="+66 89 5429596"
k="phone" v="+66 38 236201"
k="phone" v="+66 38 250648;+66 83 9880001"
k="phone" v="+66 89 9349267;+66 82 2588356;+66 88 2036768"
k="phone" v="+66 38 233505"
k="phone" v="+66 38 757398"
k="phone" v="+66 38 232980;+66 84 3511195"
k="phone" v="+66 80 2426782"
k="phone" v="+66 81 6657664"
k="phone" v="+66 38 232446;+66 84 3492563"
k="phone" v="+66 38 231555"
k="phone" v="+66 38 233414"
k="phone" v="+66 81 8386385;+66 82 2110335"
k="phone" v="+66 81 8390998;+66 84 4555464"
k="phone" v="+66 38 2311091;+66 86 8277376;+66 81 7439749"
k="phone" v="+66 38 757138"
k="phone" v="+66 38 757138"
k="phone" v="+66 84 6777014"
k="phone" v="+66 84 6777014"
k="phone" v="+66 84 8980510"
k="phone" v="+66 81 8114552"
k="phone" v="+66 89 0959300"
k="phone" v="+66 89 0959300"
k="phone" v="+66 80 9190016;+66 84 0858856"
k="phone" v="+66 38 236240"
k="phone" v="+66 38 231241"
k="phone" v="+66 38 231241"
k="phone" v="+66 95 5190651;+66 85 2335489"
k="phone" v="+66 81 8386385;+66 82 2110335"
k="phone" v="+66 38 236221;+66 86 0315226"
k="phone" v="+66 38 231311;+66 82 2138283"
k="phone" v="+66 38 231311;+66 82 2138283"
k="phone" v="+66 95 5142748"
k="phone" v="+66 92 2259096"
k="phone" v="+66 38 233833;+66 84 3617501;+66 81 8455196"
k="phone" v="+66 96 0090919;+66 89 1669980"
k="phone" v="+66 87 1508533;+66 81 6632380"
k="phone" v="+66 38 233211"
k="phone" v="+66 38 233002"
k="phone" v="+66 81 9451888;+66 80 910002"
k="phone" v="1112"
k="phone" v="+66 81 5547388"
k="phone" v="+66 38 720269"
k="phone" v="+66 38 720621"
k="phone" v="+66 38 421553;+66 83 9880001"
k="phone" v="+66 38 250325"
k="phone" v="+66 38 365016"
k="phone" v="+66 38 251197"
k="phone" v="+66 38 251952"
k="phone" v="+66 81 2952285;+66 38 074434"
k="phone" v="+66 38 304037"
k="phone" v="+66 38 488719"
k="phone" v="+66 38 720623"
k="phone" v="+66 85 9589558"
k="phone" v="+66 83 1221330"
k="phone" v="+662 644 5154"
k="phone" v="1662"
k="phone" v="+66 81 8632868"
k="phone" v="+66 87 9829106;+66 86 1794582"
k="phone" v="+66 89 1465255"
k="phone" v="+66 38 488002"
k="phone" v="+66 38 488002"
k="phone" v="+66 80 9851358"
k="phone" v="+6627362200"
k="phone" v="+66 38 043555"
k="phone" v="+66811991229"
k="phone" v="+66 80 0913023;+66 87 0433227"
k="phone" v="+66 2 636 1122"
k="phone" v="+66 38 412120;+66 84 6535005"
k="phone" v="+66 92 2846153"
k="phone" v="+66 2 7417866"
k="phone" v="+66 2561 2445"
k="phone" v="+66 86 3995563"
k="phone" v="+66 38 723428;+66 83 8956668"
k="phone" v="+66 38 436098"
k="phone" v="+66 81 9457424;+66 95 4078059"
k="phone" v="+66 38 416285"
k="phone" v="+66 38 411568;+66 86 1570807"
k="phone" v="+66 38 074686"
k="phone" v="+66 94 1125100"
k="phone" v="+66 38 425096"
k="phone" v="+66 38 416470"
k="phone" v="+66 81 6406868"
k="phone" v="026356055"
k="phone" v="+66812573155"
k="phone" v="+66 38 361052;+66 83 9880001"
k="phone" v="(66)-2-225 2355"
k="phone" v="+66 2 6879000"
k="phone" v="+66 38 429484;+66 80 0445598"
k="phone" v="+66 81 9463513"
k="phone" v="+66 92 4564554"
k="phone" v="+66 2 3180100"
k="phone" v="+66 38 425611"
k="phone" v="+66 38 421075"
k="phone" v="+66 38 259799"
k="phone" v="+662 192 5281"
k="phone" v="(66)0-2293-9000, 0-2293-9300"
k="phone" v="026403939"
k="phone" v="0879246161"
k="phone" v="+66 38 412301"
k="phone" v="+66 38 420313"
k="phone" v="+66 90 3269328"
k="phone" v="+66 92 7987305"
k="phone" v="+66 38 724145"
k="phone" v="+66 89 0077804"
k="phone" v="+66 85 2500817"
k="phone" v="+66 38 231134"
k="phone" v="+66 38 724215"
k="phone" v="+66 38 723765"
k="phone" v="+66 38 488718"
k="phone" v="+66 2 2620846"
k="phone" v="+66 2 2164441"
k="phone" v="+66 871 348483;+66 859 329881;+66 38 421730"
k="phone" v="+66 2 108 5437"
k="phone" v="+66 2 662 6499"
k="phone" v="+66 2 2242490;+66 81 8995548;+66 81 8465482;+66 81 8274792"
k="phone" v="+66 81 2938788"
k="phone" v="+66 38 232 921"
k="phone" v="+66 85 1464590;+66 38 052417"
k="phone" v="+66 86 7372411;+66 86 1656625"
k="phone" v="+66 (0)35 595 647"
k="phone" v="+66 38 195210"
k="phone" v="+66 85 2335666"
k="phone" v="+66 38 074677;+66 83 9880001"
k="phone" v="+6629840427"
k="phone" v="+66 94 0954290"
k="phone" v="+66 38 373133"
k="phone" v="+66 85 511 4927"
k="phone" v="+66 80 080 5251, +66 85 511 4927"
k="phone" v="+66 38 429683"
k="phone" v="+66 38 429683"
k="phone" v="+66 81 7814820"
k="phone" v="+66 86 0350636;+66 86 1122256"
k="phone" v="+66 38 410256;+66 87 4406060"
k="phone" v="1711"
k="phone" v="+66 81 2076308"
k="phone" v="+66 87 1389955;+66 38 072556"
k="phone" v="+66 86 1492727"
k="phone" v="+66 38 072056"
k="phone" v="+66 81 5532425"
k="phone" v="+66 89 8188289;+66 98 7375931"
k="phone" v="+66 38 051693;+66 81 7611592"
k="phone" v="+66 81 6866884"
k="phone" v="+66 96 6968665"
k="phone" v="+66 90 5588221"
k="phone" v="+66 82 3234777"
k="phone" v="+66 84 8721580;+66 38 423991;+66 38 423504"
k="phone" v="+66 92 7894929"
k="phone" v="+6627229881"
k="phone" v="+66 38 411254;+66 867030753"
k="phone" v="+66 86 1406833;+66 83 5984346"
k="phone" v="+66 38 428210;+66 38 427154;+66 86 1070322"
k="phone" v="+6622294300"
k="phone" v="+6621182967"
k="phone" v="+6622295900"
k="phone" v="+6622526601"
k="phone" v="+6622294652"
k="phone" v="+6626531314"
k="phone" v="+6622528626"
k="phone" v="+6626533900"
k="phone" v="+6622294877"
k="phone" v="+66 38 411254;+66 867030753"
k="phone" v="+66 84 8721580;+66 38 423991;+66 38 423504"
k="phone" v="+66 38 376579"
k="phone" v="+66 38 371142"
k="phone" v="+66 38 412522"
k="phone" v="+66 38 370252"
k="phone" v="+66 91 2404331"
k="phone" v="+66 91 7363882"
k="phone" v="+66 38 373418"
k="phone" v="+66 91 7363882"
k="phone" v="+66 91 2365238"
k="phone" v="+66 38 421682"
k="phone" v="+66 99 3366690"
k="phone" v="+66 93 0023055"
k="phone" v="+66 38 373143;+66 92 4679123"
k="phone" v="+66 84 3796846;+66 98 3029089"
k="phone" v="+66 62 4861628"
k="phone" v="+66 90 8919592;+66 93 4939743"
k="phone" v="+66 81 2740794"
k="phone" v="+66 38 367493"
k="phone" v="+66 38 119620;+66 92 5943470"
k="phone" v="+66 33 009679;+66 88 8838988"
k="phone" v="+66 38 723393"
k="phone" v="+66 38 416012"
k="phone" v="+66 83 0669515"
k="phone" v="+66 38 425714"
k="phone" v="+66 38 411507"
k="phone" v="+66 93 1095274"
k="phone" v="+66 87 3806378;+66 89 1177324"
k="phone" v="+66 87 3806378;+66 89 1177324"
k="phone" v="+66 93 9342936"
k="phone" v="+66 26 70 42 81"
k="phone" v="+66 2 286 38 44"
k="phone" v="+66 2 6930733"
k="phone" v="+66 87 9092000"
k="phone" v="+66 87 1380122;+66 89 0994304"
k="phone" v="+6629750042, +6625816835"
k="phone" v="+66 92 3456385"
k="phone" v="+66863493808"
k="phone" v="+66895241525"
k="phone" v="+66 85 5679666"
k="phone" v="+66868949628"
k="phone" v="+66 83 0191777;+66 38 427387"
k="phone" v="+66 81 829 7966"
k="phone" v="+66 38 373386"
k="phone" v="+66 81 7814361"
k="phone" v="+66 38 427118"
k="phone" v="+66 27042704"
k="phone" v="+66 95 0821378;+66 85 3296398"
k="phone" v="+66 83 5571219;+66 81 4726601"
k="phone" v="+6623776707"
k="phone" v="+661712"
k="phone" v="+6638724162"
k="phone" v="0 2722 8383"
k="phone" v="+66 2811 7000"
k="phone" v="+66 38 250502;+66 38 250503;+66 38 250504"
k="phone" v="+66 2 2827500"
k="phone" v="+66 38 418555"
k="phone" v="+66 38 251201;+66 38 364110"
k="phone" v="+66038318444"
k="phone" v="+6638300856"
k="phone" v="+6638300856"
k="phone" v="+66 38 231350"
k="phone" v="+66 81 1612605"
k="phone" v="+66 38 420260"
k="phone" v="+66 38 426262"
k="phone" v="+66 38 723666"
k="phone" v="+66 38 424765;+66 38 427071"
k="phone" v="+66 38 425611"
k="phone" v="+66 38 418417"
k="phone" v="+66 38 428155;+66 38 361340"
k="phone" v="+66 38 428755"
k="phone" v="+66 38 428104"
k="phone" v="+66 38 429933;+66 38 429443;+66 38 426063;+66 38 713603"
k="phone" v="+66 38 370614;+66 38 424356;+66 38 426009"
k="phone" v="+66 38 757349;+66 38 757548;+66 86 3804125"
k="phone" v="+66 38 232990"
k="phone" v="+6638250421"
k="phone" v="+66 38 306233"
k="phone" v="+6638300856"
k="phone" v="+66 38 428632"
k="phone" v="+66 38 720762"
k="phone" v="+66 38 720720"
k="phone" v="+66 38 410123;+66 38 415549;+66 38 424801"
k="phone" v="+66 38 724054;+66 38 724055"
k="phone" v="+66 38 723349;+66 38 723350;+66 38 723779;+66 38 416678"
k="phone" v="+66 811607649"
k="phone" v="+66 38 769999"
k="phone" v="+66 38 724222"
k="phone" v="+66 38 720999"
k="phone" v="+66 38 425877;+66 38 420492"
k="phone" v="+66 38 710289"
k="phone" v="+66 38 720329;+66 38 416950"
k="phone" v="+66 38 429247;+66 38 429910"
k="phone" v="+66 38 427702;+66 38 427720"
k="phone" v="+66 38 422331;+66 38 425935;+66 38 429969;+66 38 428891"
k="phone" v="+66 38 422269;+66 38 425724;+66 38 428607"
k="phone" v="+66 38 428645"
k="phone" v="+66 38 361402"
k="phone" v="+66 (0) 2-649-6000"
k="phone" v="+66 849 753 555"
k="phone" v="+66 (0) 2721 8400"
k="phone" v="+66 2 690 1888"
k="phone" v="+66 2 6721234"
k="phone" v="026568883"
k="phone" v="+66 38 427555"
k="phone" v="+66 38 052402"
k="phone" v="+66 38 226300"
k="phone" v="+66 38 226070"
k="phone" v="+66 38 702777;+66 83 8881515"
k="phone" v="+66 38 251686;+66 38 251687;+66 38 364187"
k="phone" v="+66 38 416006"
k="phone" v="+66 38 373525"
k="phone" v="+66 2 2552930"
k="phone" v="+6622829162"
k="phone" v="+6638612261"
k="phone" v="+66 2 3025555"
k="phone" v="+66 38 424245"
k="phone" v="+66 38 332715"
k="phone" v="+66 38 073602;+66 87 1408758"
k="phone" v="+66 38 306615"
k="phone" v="+66 38 907808"
k="phone" v="+66 38 238654"
k="phone" v="+66 38 235870"
k="phone" v="+66 38 235555;+66 38 235130"
k="phone" v="+66 38 235777"
k="phone" v="+66 2 5755599"
k="phone" v="+66 38 371281"
k="phone" v="+66 38 052299"
k="phone" v="+66 2 5661020"
k="phone" v="02-2520161-4,7"
k="phone" v="+66 38 489490;+66 81 3114150"
k="phone" v="+66 38 711345"
k="phone" v="+66 38 426352,+66 38 420281"
k="phone" v="+66 38 720999"
k="phone" v="+66 (02) 6287067"
k="phone" v="+66 2 2823412"
k="phone" v="+66 38 418418"
k="phone" v="+66 38 725555"
k="phone" v="+66382529889"
k="phone" v="+66 38 364333"
k="phone" v="022554041"
k="phone" v="+66 38 427800"
k="phone" v="+66 2 7970000"
k="phone" v="+66 38 231226"
k="phone" v="+66 38 416002"
k="phone" v="034253910-9"
k="phone" v="+66 849 753 555"
k="phone" v="+66 849 753 555"
k="phone" v="0-3552-2029, 0-3554-5144"
k="phone" v="+66 2470 9850"
k="phone" v="+66-2415-3289"
k="phone" v="+6638259999"
k="phone" v="+66 2 208 0022-33"
k="phone" v="+66 (0) 2235 9271-3"
k="phone" v="+66 - 22 36 - 22 59"
k="phone" v="0066 2 280543445"
k="phone" v="+66 38 710800;"
k="phone" v="+66 38 415135"
k="phone" v="+66 2 6186688"
k="phone" v="+66 83 5984040;+66 38 250784"
k="phone" v="+66 38 250888"
k="phone" v="+66 2 7691234"
k="phone" v="+66 38 250894;+66 38 250274;+66 81 3723890"
k="phone" v="+66 83 8203939"
k="phone" v="+66 38 420522"
k="phone" v="+66 38 426999;+66 38 412568"
k="phone" v="+66 2 611 9178"
k="phone" v="0 2362 5242"
k="phone" v="0 2722 8484"
k="phone" v="0 2108 6000"
k="phone" v="0 2722 2500"
k="phone" v="0 2378 9000"
k="phone" v="0 2374 0200"
k="phone" v="+66 38 224511;+66 38 224522;+66 80 0941188;+66 86 8468222"
k="phone" v="+66 38 362000"
k="phone" v="+66 38 413833"
k="phone" v="+66 38 413833"
k="phone" v="+66 38 362527;+66 38 414110;+66 38 414119"
k="phone" v="+66 38 420625;+66 38 420626"
k="phone" v="+66 38 427061"
k="phone" v="+66 38 415750;+66 38 415751;+66 38 415752"
k="phone" v="+66 38 423101;+66 38 423102;+66 38 423103"
k="phone" v="+66 38 412278"
k="phone" v="+66 38 416652"
k="phone" v="+66 38 5873338;+66 38 5873339"
k="phone" v="+66 38 415868"
k="phone" v="1150"
k="phone" v="+66 38 362500"
k="phone" v="1150"
k="phone" v="+66 38 427061"
k="phone" v="+66 38 414760"
k="phone" v="+66 2 6592888"
k="phone" v="+66 38 362154"
k="phone" v="+6629047722"
k="phone" v="+6636523444"
k="phone" v="+66 38 413861"
k="phone" v="+66 38 415990"
k="phone" v="+66 86 3055499;+66 87 1421421;"
k="phone" v="+662 4256100"
k="phone" v="+66 38 429109;+66 38 421220;+66 38 370182;+66 38 370183"
k="phone" v="+66 38 362472;+66 38 429461"
k="phone" v="+66 75 623949"
k="phone" v="+66 38 427666"
k="phone" v="+66 38 726131;+66 38 726132"
k="phone" v="+66 38 727448;+66 89 7724485"
k="phone" v="+66 38 368005;+66 38 368006"
k="phone" v="+66 38 423555"
k="phone" v="+66 38 425050"
k="phone" v="+66 38 103777"
k="phone" v="+66 38 425508"
k="phone" v="+66 2 120 8000"
k="phone" v="+66 84 5658936;+66 81 6366539"
k="phone" v="+66 38 300400"
k="phone" v="+66 2 210 8100"
k="phone" v="+66 38 489595"
k="phone" v="+66 38 052331;+66 38 052332"
k="phone" v="+66 38 414805;+66 38 414806"
k="phone" v="038-939-888"
k="phone" v="+66 92 2286065;+66 92 2349679"
k="phone" v="+66 38 422545;+66 38 720540;"
k="phone" v="+66 38 410771;+66 38 411246"
k="phone" v="+66 38 7104334"
k="phone" v="+66 81 8455404;+66 81 9836302;"
k="phone" v="+66 38 411748"
k="phone" v="+66 38 418333"
k="phone" v="+66 38 429885"
k="phone" v="+66 38 415297"
k="phone" v="+6623431551"
k="phone" v="+66 38 703205"
k="phone" v="+66 38 427777"
k="phone" v="+66 38 428104"
k="phone" v="+66 38 428779;+66 38 428780"
k="phone" v="+66 38 933888"
k="phone" v="+66 38 426524"
k="phone" v="+66 38 426524"
k="phone" v="+66 38 426356;+66 38 410621"
k="phone" v="+66 38 426271;+66 38 426272;+66 38 426273;+66 38 426274"
k="phone" v="+66 38 425128;+66 38 425129"
k="phone" v="+66 38 421707"
k="phone" v="+66 38 373610;+66 38 373700;"
k="phone" v="+66 38 052345;+66 81 6871086"
k="phone" v="+66 38 428580;+66 38 428581"
k="phone" v="+66 38 420587;+66 38 426027"
k="phone" v="+66 38 426775"
k="phone" v="+66 38 371200"
k="phone" v="+66 38 416800"
k="phone" v="+66 38 421865"
k="phone" v="+66 38 422365"
k="phone" v="+66 38 411533;+66 38 411534"
k="phone" v="+66 38 424456"
k="phone" v="+66 38 411544"
k="phone" v="+66 34 322588"
k="phone" v="+66 34 322 544"
k="phone" v="+44 286-064-77"
k="phone" v="+66 38 489577"
k="phone" v="+6629260569"
k="phone" v="+66851340560"
k="phone" v="+66837431817"
k="phone" v="+66 38 231964;+66 38 756429;+66 89 4873733"
k="phone" v="+66 38 232494;+66 38 231288"
k="phone" v="+66 38 059522"
k="phone" v="+66 38 231789"
k="phone" v="+66 02 6517790"
k="phone" v="+66990054834"
k="phone" v="+66 91 2345542"
k="phone" v="+66 38 489420;+66 85 8429592"
k="phone" v="+66 38 373992;+66 87 1325088"
k="phone" v="+66 80 2110849"
k="phone" v="+66 38 423164"
k="phone" v="+66 38 374747"
k="phone" v="+66 38 733792;+66 81 6870909"
k="phone" v="+66 86 6611788;+66 82 2124117"
k="phone" v="+66 81 3769722;+66 88 6140709"
k="phone" v="+66 90 8547278"
k="phone" v="+66 88 5219056;+66 85 7529420"
k="phone" v="+66 89 6817694"
k="phone" v="+66 38 373607"
k="phone" v="+66 38 489357"
k="phone" v="+66 38 300115;+66 86 1559606"
k="phone" v="+66 38 411940"
k="phone" v="+66 38 424288"
k="phone" v="+66 38 414729"
k="phone" v="+66 38 429994;+66 38 422199"
k="phone" v="+66 83 9133307;+66 86 8233779"
k="phone" v="+66 38 416311"
k="phone" v="+66 38 415488;+66 38 415930"
k="phone" v="1711"
k="phone" v="+66 87 6789300;+66 88 1980488"
k="phone" v="+66 84 9476824;+66 81 6304471"
k="phone" v="+66 38 720999"
k="phone" v="+66 87 4199337"
k="phone" v="+66 38 422621;+66 90 9797789"
k="phone" v="+66 38 414444;+66 88 4610198"
k="phone" v="+66 38 374646"
k="phone" v="+66 38 360133"
k="phone" v="+66 38 370655"
k="phone" v="+66 38 720843"
k="phone" v="+66 38 488888;+66 38 414004"
k="phone" v="+66 38 429994;+66 38 422199"
k="phone" v="+66 38 429994;+66 38 422199"
k="phone" v="+66 38 426678"
k="phone" v="+66 38 428979;+66 81 5675831"
k="phone" v="+66 86 6614722"
k="phone" v="+66 38 416333;+66 38 415398"
k="phone" v="+66 81 2952474;+66 38 410876"
k="phone" v="+66 38 373616"
k="phone" v="+66 38 374494;+66 38 375001"
k="phone" v="+66 38 360124;+66 38 360125,+66 86 6689550"
k="phone" v="+66 38 429777"
k="phone" v="+66 38 373987;+66 81 9827313"
k="phone" v="+66 38 422929"
k="phone" v="+66 89 0932525"
k="phone" v="+66 92 0238203;+66 92 2165026"
k="phone" v="+66 38 713299;+66 81 8425522"
k="phone" v="+66 38 252555;+66 38 252556"
k="phone" v="+66 89 6966553;+66 81 6870414"
k="phone" v="+66 38 428385"
k="phone" v="+66 38 226241"
k="phone" v="+66 38 233333"
k="phone" v="+66 38 364673;+66 85 3973940"
k="phone" v="+66 81 8613753;+66 38 050124"
k="phone" v="+66 38 364373;+47 85 327211"
k="phone" v="+66 38 251667;+66 38 250937"
k="phone" v="+66 38 251528"
k="phone" v="+66 38 252653"
k="phone" v="+66 38 413331;+66 38 413339"
k="phone" v="+66 38 488856"
k="phone" v="+66 38 488852"
k="phone" v="+66 89 4993457"
k="phone" v="+66 38 050180"
k="phone" v="+66 38 414337"
k="phone" v="+66 38 713881;+66 89 4207154;+66 19 004481"
k="phone" v="+66 38 412743"
k="phone" v="+66 38 488811;+66 38 488812"
k="phone" v="+66 38 4221202"
k="phone" v="+66 38 713618"
k="phone" v="+66 84 0153552"
k="phone" v="+66 86 3748860;+66 81 8620083"
k="phone" v="+66 38 724264"
k="phone" v="+66 38 374998;+66 86 1066600"
k="phone" v="+66 38 426347;+66 86 3354040"
k="phone" v="+66 38 488751"
k="phone" v="+66 89 8046828;+66 38 375086"
k="phone" v="+66 38 425931;+66 38 426931"
k="phone" v="+66 38 427101"
k="phone" v="+66 38 713157"
k="phone" v="+66 38 424840"
k="phone" v="+66 38 413667;+66 38 413669;"
k="phone" v="+66 38 415577"
k="phone" v="+66 38 713316"
k="phone" v="+66 38 424840"
k="phone" v="+66 38 713280;+66 38 713283"
k="phone" v="+66 38 424504"
k="phone" v="+66 38 427810"
k="phone" v="+66 38 420906;+66 38 421278"
k="phone" v="+66 38 252653"
k="phone" v="+66 82 7833999;+66 38 301366"
k="phone" v="+66 38 422716"
k="phone" v="+66 38 423421"
k="phone" v="+66 38 374784"
k="phone" v="+66 38 421297;+66 84 0635100"
k="phone" v="+66 89 5415792;+66 87 0498434"
k="phone" v="+66 84 0194768;+66 81 815548;+66 80 2316660"
k="phone" v="+66 89 8346247"
k="phone" v="+66 38 373046"
k="phone" v="+66 86 6609565"
k="phone" v="+66 84 4274607;+66 38 370055"
k="phone" v="+66 38415410"
k="phone" v="+66 38 370184;+66 38 370185"
k="phone" v="+66 38 415472;+66 38 415473;+66 38 415474;"
k="phone" v="+66 38 414401;+66 87 5074556"
k="phone" v="+66 38 416555"
k="phone" v="+66 38 370840;+66 38 370841;+66 38 370842;+66 38 370843"
k="phone" v="+66 38 371130"
k="phone" v="+66 38 370582;+66 38 370583"
k="phone" v="+66 38 370744"
k="phone" v="+66 38 716584"
k="phone" v="+66 38 370462"
k="phone" v="+66 81 9836544;+66 38 421193;+66 38 410285"
k="phone" v="+66 38 374355"
k="phone" v="+66 38 423741"
k="phone" v="+66 38 416622"
k="phone" v="+66 87 1307846;+66 81 8655090"
k="phone" v="+66 38 370887;+66 38 413076"
k="phone" v="+66 83 6974084;+66 89 8379519"
k="phone" v="+66 38 423223;+66 87 8890506"
k="phone" v="+66 38 488703;+66 38 488704"
k="phone" v="+66 38 232210;+66 38 232211;+66 38 232212"
k="phone" v="+66 38 231771"
k="phone" v="+66 86 3748860;+66 81 8620083"
k="phone" v="+66 38 231753"
k="phone" v="+66 38 303980"
k="phone" v="+66 38 059661"
k="phone" v="+66 38 118450"
k="phone" v="+66 38 427120"
k="phone" v="+66 38 420119"
k="phone" v="+66 38 361667"
k="phone" v="+66 38 412120"
k="phone" v="+66 38 428234;+66 38 429915;+66 38 422797"
k="phone" v="+66 38 421534"
k="phone" v="+66 38 416272"
k="phone" v="+66 38 724000"
k="phone" v="+66 38 427293"
k="phone" v="+66 38 426301"
k="phone" v="+66 38 424732;+66 38 424791"
k="phone" v="+66 38 259555"
k="phone" v="+66 86 0469333"
k="phone" v="+66 38 489488"
k="phone" v="+66 38 489180"
k="phone" v="+66 38 488572;+66 38 488573"
k="phone" v="+66 38 413008;+66 38 413009"
k="phone" v="+66 82 2588551;+66 84 4254622"
k="phone" v="+66 38 414666"
k="phone" v="+66 38 410321;+66 38 410322;+66 38 410323;"
k="phone" v="+66 38 362273;+66 38 362274;+66 38 362275"
k="phone" v="+66 38 301234"
k="phone" v="+66 38 4264456"
k="phone" v="+66 38 428895"
k="phone" v="+66 38 421771"
k="phone" v="+66 38 489499"
k="phone" v="+66 38 362063"
k="phone" v="+66 38 362189"
k="phone" v="+66 81 6838881;+66 38 360201"
k="phone" v="+66 38 489278;+66 38 489279"
k="phone" v="+66 38 052300"
k="phone" v="+66 84 7792001"
k="phone" v="+66 38 424991;+66 38 424992"
k="phone" v="+66 38 424991;+66 38 424992"
k="phone" v="+66 38 420748;+66 38 420865;+66 38 420761"
k="phone" v="+66 85 895561"
k="phone" v="+66 38 420748;+66 38 420865;+66 38 420761"
k="phone" v="+66 86 3425800"
k="phone" v="+66 38 414696"
k="phone" v="+66 38 725999"
k="phone" v="+66 38 361569;+66 38 361570"
k="phone" v="+66 81 6838881;+66 38 360201"
k="phone" v="+66 89 4060467"
k="phone" v="+66 38 361275"
k="phone" v="+66 38 425025"
k="phone" v="+66 89 0162758"
k="phone" v="+66 38 421296"
k="phone" v="+66 38 361735;+66 38 425143;"
k="phone" v="+66 38 488150;+66 80 991818"
k="phone" v="+66 38 413413"
k="phone" v="+66 38 361839"
k="phone" v="+66 38 422660"
k="phone" v="+66 38 225480"
k="phone" v="+66 38 422555;+66 38 422500"
k="phone" v="+66 38 412888"
k="phone" v="+66 38 360150"
k="phone" v="+66 83 2644261"
k="phone" v="+66 38 411762"
k="phone" v="+66 38 361364;+66 81 8229170"
k="phone" v="+66 38 425858"
k="phone" v="+66 86 0964065"
k="phone" v="+66 38 427698;+66 38 423062"
k="phone" v="+66 38 488720;+66 38 488721;+66 38 488722;"
k="phone" v="+66 38 425650;+66 38 425660"
k="phone" v="+66 89 7911188;+66 38 422089"
k="phone" v="+66 38 411203;+66 89 6234938"
k="phone" v="+66 38 418888"
k="phone" v="+66 38 362132"
k="phone" v="+66 89 0988723;+66 92 4651491;+66 33 674371"
k="phone" v="+66 38 420421;+66 87 1466676"
k="phone" v="+66 89 4077120;+66 38 374877"
k="phone" v="+6638415100"
k="phone" v="+66 38 756708"
k="phone" v="+66 38 422487"
k="phone" v="+66 38 428353;+66 38 423916"
k="phone" v="+66 38 429696"
k="phone" v="+66 38 713 636"
k="phone" v="+66 38 429478"
k="phone" v="+66 38 423300;+66 38 423301;+66 38 423302"
k="phone" v="+66 38 489071"
k="phone" v="+66 38 710061"
k="phone" v="+66980109038"
k="phone" v="+66 38 231405;+66 38 231611"
k="phone" v="+66 38 231575"
k="phone" v="+66 38 233351"
k="phone" v="+66 38 236156"
k="phone" v="+66 38 233229"
k="phone" v="+66 38 233952"
k="phone" v="+66 38 706441"
k="phone" v="+66 38 232996"
k="phone" v="+66 81 4378088;+66 99 1979376"
k="phone" v="+66 (0) 2633 9911"
k="phone" v="+66 38 488774"
k="phone" v="+66 88 0018084;+66 38 069838"
k="phone" v="+66 38 427358;+66 81 5777126"
k="phone" v="+66 82 1113300;+66 84 6212155"
k="phone" v="+66 35-243-777"
k="phone" v="+66 88 975 6199"
k="phone" v="+66 38 725555"
k="phone" v="+66 26 592888"
k="phone" v="+66 38 373570;+66 86 0884686"
k="phone" v="+66 38 374274;+66 89 2467474"
k="phone" v="+66 81 8229136;+66 85 4310995"
k="phone" v="+66 38 421171;+66 38 427609;+66 38 429692"
k="phone" v="+66 81 0035033;+66 81 5887482"
k="phone" v="+66 38 374325"
k="phone" v="+66 38 428428"
k="phone" v="+66 38 415054;+66 81 8354931"
k="phone" v="+66 87 5072309;+66 81 1547096;+66 38 078908"
k="phone" v="+66 38 734576;+66 83 4941668"
k="phone" v="+66 85 3944571;+66 33 673642"
k="phone" v="+66 38 711158;+66 38 711159;+66 38 711160"
k="phone" v="+66 38 710383;+66 38 710870"
k="phone" v="+66 38 423245;+66 38 423246;+66 38 423247"
k="phone" v="+66 82 5547104;+66 83 8426043;+66 85 8337883"
k="phone" v="+66 38 721002"
k="phone" v="+66 38 489405"
k="phone" v="+66 38 420420;+66 8 99884420"
k="phone" v="+6623752844"
k="phone" v="+6627117744"
k="phone" v="+6621155511"
k="phone" v="+6621387049"
k="phone" v="+6627442222"
k="phone" v="+6629009000"
k="phone" v="+6621387147"
k="phone" v="1112"
k="phone" v="+6623753900"
k="phone" v="+66 38 426429;+66 86 3774405"
k="phone" v="+66 38 361555;+66 38 361100"
k="phone" v="+66 81 8622500"
k="phone" v="+66 81 6998318;+66 81 8083782;+66 38 732148"
k="phone" v="+66 87 4895199;+66 81 9327290"
k="phone" v="+66 38 730734"
k="phone" v="+66 81 0007431"
k="phone" v="+66 81 8613779"
k="phone" v="+66 87 853155;+66 86 5009511"
k="phone" v="+6638232836"
k="phone" v="+66 38 422354;+66 81 8281480"
k="phone" v="+66 38 425849;+66 38 426040"
k="phone" v="+66 89 2123665"
k="phone" v="+66 38 416225"
k="phone" v="+66 38 424108"
k="phone" v="+66 85 9674097;+66 80 3693202"
k="phone" v="+66 89 2452366"
k="phone" v="+6638236414"
k="phone" v="+66 38 364314"
k="phone" v="+66 89 0570570"
k="phone" v="+66 38 364356"
k="phone" v="+66 87 4188882"
k="phone" v="+66 38 422206;+66 81 7629550"
k="phone" v="+66 81 5786178;+66 91 1727876"
k="phone" v="+66 38 364882"
k="phone" v="+66 38 050256"
k="phone" v="+663870935862"
k="phone" v="+66 38 426401;+66 38 426402;+66 38 411655;+66 38 411656"
k="phone" v="+6626797777"
k="phone" v="+6626797984"
k="phone" v="+66 81 8188417"
k="phone" v="+66 81 6242715;+66 81 6450200"
k="phone" v="+66 81 8403131"
k="phone" v="+66 38 428248;+66 1 9826715"
k="phone" v="+66 81 5729712"
k="phone" v="+66 38 425411;+66 38 428437"
k="phone" v="+66 38 413001;+66 87 0825959"
k="phone" v="+66 94 5527897;+66 38 726036"
k="phone" v="+66 38 429509;+66 1 7616513"
k="phone" v="+66 38 300141"
k="phone" v="+66 38 425021"
k="phone" v="+6623061498"
k="phone" v="+66 81 0045119"
k="phone" v="+66 38 300711;+66 81 7622041"
k="phone" v="+66 89 0599889;+66 38 300732"
k="phone" v="+66 86 6147350"
k="phone" v="+66 2 250 6666"
k="phone" v="+66 38 414616"
k="phone" v="+66 27384811"
k="phone" v="+66 38 421534;+66 38 421274"
k="phone" v="+66 38 413535"
k="phone" v="+66 38 370705"
k="phone" v="+66 38 421989;+66 38 424296"
k="phone" v="+66 38 423612"
k="phone" v="+66 38 415941"
k="phone" v="+66 38 361688;+66 38 361689"
k="phone" v="+66 38 362136"
k="phone" v="+66 38 422034;+66 87 7448727"
k="phone" v="+66 38 720055;+66 38 421109"
k="phone" v="+66 38 420696"
k="phone" v="+66 38 421387"
k="phone" v="+66-38-720201"
k="phone" v="+66 38 423871"
k="phone" v="+66 38 052235"
k="phone" v="+66 38 410577"
k="phone" v="+66 38 428383"
k="phone" v="+66 38 426911;+66 81 5780077"
k="phone" v="+66 38 425360"
k="phone" v="+66 38 429890;+66 38 428110;+66 38 425699"
k="phone" v="+66 38 233188;+ 66 86 6615888"
k="phone" v="+66 38 232862;+66 81 8500098"
k="phone" v="+66 38 231925;+66 38 231678"
k="phone" v="+66 38 232370"
k="phone" v="+66 38 233233;+66 86 3966396"
k="phone" v="+66 86 3264546;+66 86 3061606"
k="phone" v="+6638306504"
k="phone" v="+66 38 250556;+66 38 250557"
k="phone" v="+66 38 250338"
k="phone" v="+6638252996"
k="phone" v="+66 38 726203;+66 91 2462231"
k="phone" v="+66382671578"
k="phone" v="+66 38 251730;+66 38 267168;+66 38 303303"
k="phone" v="+66 38 713030"
k="phone" v="+66 38 713732"
k="phone" v="+66 80 7745575;+66 86 8226604"
k="phone" v="+66 38 250401"
k="phone" v="+66899391706"
k="phone" v="+6638250733"
k="phone" v="+66 86 3748860"
k="phone" v="02-714-8875"
k="phone" v="+66 2 261 2249"
k="phone" v="+66 85 4352000"
k="phone" v="+66 2 392 2233"
k="phone" v="+66 38 710184;+66 38 710187;+66 38 710305"
k="phone" v="+66 38 713391;+66 88 1946640"
k="phone" v="+66 38 415500"
k="phone" v="+6622609888;+6622609898"
k="phone" v="+66 2 261 8840"
k="phone" v="+6626637272"
k="phone" v="6626557474"
k="phone" v="+6626135888"
k="phone" v="+66 2 2551333"
k="phone" v="+66 38 250421"
k="phone" v="+66 89 1161404;+66 89 1771401;+66 21 589770"
k="phone" v="+6623920697"
k="phone" v="+66 2 1255000"
k="phone" v="02 652 0208"
k="phone" v="02 712 9991"
k="phone" v="+66 2 343 6789"
k="phone" v="+6625635050"
k="phone" v="02-207-8500"
k="phone" v="+66 2 207 9999"
k="phone" v="+66 (0) 2-652-1112"
k="phone" v="+66 2 6881000"
k="phone" v="+66 38 231056;+66 38 232641;+66 86 3003375"
k="phone" v="+66 38 231315"
k="phone" v="+66 38 428656"
k="phone" v="+66 38 909555"
k="phone" v="0-2186-5991"
k="phone" v="+66 38 295999"
k="phone" v="+66 38 368221"
k="phone" v="+66 83 8232317;+66 38 3011125;+66 38 301114"
k="phone" v="+66 84 8688427"
k="phone" v="+6638370472"
k="phone" v="+66 88 5219056;+66 85 7529420"
k="phone" v="+66 38 236423"
k="phone" v="+66 38 757412"
k="phone" v="+66 38 233917"
k="phone" v="+66 38 115106"
k="phone" v="+6626554999"
k="phone" v="+66815414666"
k="phone" v="+66 38 425131;+66 38 421534"
k="phone" v="+66 38 253888"
k="phone" v="02-437-9578-80"
k="phone" v="+6626533934"
k="phone" v="+66 81 9191652;+66 86 9772173;+66 81 8619614"
k="phone" v="02 108 5906"
k="phone" v="02 539 0171"
k="phone" v="0 2538 2254"
k="phone" v="02 514 7999"
k="phone" v="025302556"
k="phone" v="02 734 0000"
k="phone" v="+66 2 101 5888"
k="phone" v="02 943 9436"
k="phone" v="+66 91 7396398;+66 84 5201950"
k="phone" v="+66 38 252918;"
k="phone" v="+66 38 756495;+66 89 7484643"
k="phone" v="+66 38 300573;+66 81 3060341"
k="phone" v="+66 38 428461;+66 38 428462;+66 38 428463"
k="phone" v="+66 27371446"
k="phone" v="+6638259977"
k="phone" v="+66 38 364864"
k="phone" v="+66 38 2526701"
k="phone" v="+66 32 433111;+66 32 434112"
k="phone" v="+66 99 0103561;+66 99 0103562"
k="phone" v="+66 38 231654"
k="phone" v="+66 81 7826264;+66 38 713988"
k="phone" v="+66 02 216 7368"
k="phone" v="+6626568220"
k="phone" v="+66 84 0991848"
k="phone" v="+66 38 421879"
k="phone" v="+66 38 424498;+66 81 8178490;+66 85 0955670"
k="phone" v="+66 38 416737;+66 38 713290"
k="phone" v="+66 86 0628238"
k="phone" v="024650072"
k="phone" v="+6638713630"
k="phone" v="+66 854 380628;+66 38 713176"
k="phone" v="+66 38 424840"
k="phone" v="+66 23 078888"
k="phone" v="+66 38 720999"
k="phone" v="+66 38 428704;+66 38 426173"
k="phone" v="+66 38 428281;+66 38 428282"
k="phone" v="+66 38 720671;+66 38 720672;+66 81 6874817"
k="phone" v="+6638415599"
k="phone" v="+66 38 250111;+66 38 250827"
k="phone" v="+66 81 4405731"
k="phone" v="+66 38 300696"
k="phone" v="+66 86 8166361;+66 81 7232209"
k="phone" v="+66 86 5494422"
k="phone" v="+66 38 255501"
k="phone" v="+66 38 371335"
k="phone" v="+66 38 367926;+66 81 9836886"
k="phone" v="+66 38 367363;+66 91 742391"
k="phone" v="+66 83 0165608"
k="phone" v="+66 38 429994;+66 38 422199"
k="phone" v="+66 2 2560890;+66 2 2560891;+66 2 2560892;"
k="phone" v="+66 38 259888"
k="phone" v="+6638250151"
k="phone" v="+66 38 303166;+66 38 303442;+66 86 7892286"
k="phone" v="+66 38 231092"
k="phone" v="+66 81 6209351"
k="phone" v="66 38213013"
k="phone" v="+66 38 756534"
k="phone" v="+66 38 232217;+66 80 6506565"
k="phone" v="+66 93 6430881"
k="phone" v="+66 38 756143"
k="phone" v="+66 38 231889"
k="phone" v="+66 38 232160;+66 88 1231230"
k="phone" v="+66 38 418999"
k="phone" v="+66 38 232464;+66 98 2475542"
k="phone" v="+66 38 231777"
k="phone" v="+66 38 231208;+66 38 231205"
k="phone" v="+66 85 2777900"
k="phone" v="66 (0) 2306-9199"
k="phone" v="+66 38 232701"
k="phone" v="+66 38 429124"
k="phone" v="+66(0)-2225-2777"
k="phone" v="+66 84 1492186+66 81 3014842"
k="phone" v="+66 38 723622;+66 38 723271;"
k="phone" v="+66 38 421365;+66 81 8476367"
k="phone" v="+66 38 428221;+66 38 723274;"
k="phone" v="+66 38 724013;+66 38 416287;"
k="phone" v="+66 86 8305974"
k="phone" v="+66 38 374562"
k="phone" v="+66 38 411080"
k="phone" v="+66 38 723717;+66 38 723718"
k="phone" v="+66 38 429960;+66 38 723262;+66 38 723263"
k="phone" v="+66 38 723723"
k="phone" v="+66 800 902 932"
k="phone" v="+66 38 705599"
k="phone" v="+66 2 275 3458"
k="phone" v="(+66) 02 265 7777, 02 618 6200"
k="phone" v="+66 38 930600"
k="phone" v="+6622763708"
k="phone" v="+66 2 663 8500"
k="phone" v="+66 38 428859"
k="phone" v="+66 38 710138;+66 38 422951"
k="phone" v="+66 38 414815;+66 38 414825"
k="phone" v="+66 38 427111"
k="phone" v="+66 35-595-955"
k="phone" v="+66 38 720105"
k="phone" v="+66 82 5547104;+66 83 8426043;+66 85 8337883"
k="phone" v="+66 38 415792"
k="phone" v="+66 89 8188289;+66 98 7375931"
k="phone" v="+66 87 1296077"
k="phone" v="+662 734 7957"
k="phone" v="+66 86 0135882"
k="phone" v="+66 86 5580491"
k="phone" v="+66 38 428125;+66 38 416026"
k="phone" v="+66 38 413555"
k="phone" v="+66 38 413111"
k="phone" v="+66 38 720734;+66 38 424887"
k="phone" v="+6635 218 600"
k="phone" v="+66 38 420686;+66 38 420748;+66 38 488217"
k="phone" v="+66 38 415461;+66 38 423724"
k="phone" v="+66 92 2681773"
k="phone" v="+66 38 426332;+66 38 427257"
k="phone" v="+66 26 63 87 77"
k="phone" v="+66 38 428280;+66 81 1574762"
k="phone" v="+66 86 3397268;+66 86 3936384"
k="phone" v="+66 84 0919593"
k="phone" v="+66 89 0941732;+66 84 5657356"
k="phone" v="+66 86 9993800;+66 86 3342412;+66 38 706028"
k="phone" v="+66 89 7522227;+66 80 0763720"
k="phone" v="+66 86 8489984"
